#
# There is insufficient memory for the Java Runtime Environment to continue.
# Native memory allocation (malloc) failed to allocate 550560 bytes for Chunk::new
# Possible reasons:
#   The system is out of physical RAM or swap space
#   The process is running with CompressedOops enabled, and the Java Heap may be blocking the growth of the native heap
# Possible solutions:
#   Reduce memory load on the system
#   Increase physical memory or swap space
#   Check if swap backing store is full
#   Decrease Java heap size (-Xmx/-Xms)
#   Decrease number of Java threads
#   Decrease Java thread stack sizes (-Xss)
#   Set larger code cache with -XX:ReservedCodeCacheSize=
#   JVM is running with Unscaled Compressed Oops mode in which the Java heap is
#     placed in the first 4GB address space. The Java Heap base address is the
#     maximum limit for the native heap growth. Please use -XX:HeapBaseMinAddress
#     to set the Java Heap base and to place the Java Heap above 4GB virtual address.
# This output file may be truncated or incomplete.
#
#  Out of Memory Error (./open/src/hotspot/share/memory/arena.cpp:195), pid=3960, tid=6948
#
# JRE version: Java(TM) SE Runtime Environment (14.0.2+12) (build 14.0.2+12-46)
# Java VM: Java HotSpot(TM) 64-Bit Server VM (14.0.2+12-46, mixed mode, sharing, tiered, compressed oops, parallel gc, windows-amd64)
# No core dump will be written. Minidumps are not enabled by default on client versions of Windows
#

---------------  S U M M A R Y ------------

Command Line: --add-modules=ALL-SYSTEM --add-opens=java.base/java.util=ALL-UNNAMED --add-opens=java.base/java.lang=ALL-UNNAMED -Declipse.application=org.eclipse.jdt.ls.core.id1 -Dosgi.bundles.defaultStartLevel=4 -Declipse.product=org.eclipse.jdt.ls.core.product -Dfile.encoding=utf8 -DwatchParentProcess=false -XX:+UseParallelGC -XX:GCTimeRatio=4 -XX:AdaptiveSizePolicyWeight=90 -Dsun.zip.disableMemoryMapping=true -Xmx1G -Xms100m c:\Users\Admin\.vscode\extensions\redhat.java-0.80.0\server\plugins\org.eclipse.equinox.launcher_1.6.200.v20210416-2027.jar -configuration c:\Users\Admin\AppData\Roaming\Code\User\globalStorage\redhat.java\0.80.0\config_ss_win -data c:\Users\Admin\AppData\Roaming\Code\User\workspaceStorage\54ebf7e861566a3a7884f8df2a2ef1b3\redhat.java\ss_ws

Host: Intel(R) Core(TM) i5-8250U CPU @ 1.60GHz, 8 cores, 3G,  Windows 10 , 64 bit Build 19041 (10.0.19041.1023)
Time: Sun Aug  1 21:32:30 2021 SE Asia Standard Time elapsed time: 6 seconds (0d 0h 0m 6s)

---------------  T H R E A D  ---------------

Current thread (0x000001a400bb2000):  JavaThread "C2 CompilerThread0" daemon [_thread_in_native, id=6948, stack(0x000000537b700000,0x000000537b800000)]


Current CompileTask:
C2:   6104  607   !   4       java.util.jar.Attributes::read (530 bytes)

Stack: [0x000000537b700000,0x000000537b800000]
Native frames: (J=compiled Java code, j=interpreted, Vv=VM code, C=native code)
V  [jvm.dll+0x5f8a9a]
V  [jvm.dll+0x74247a]
V  [jvm.dll+0x743c2f]
V  [jvm.dll+0x744273]
V  [jvm.dll+0x20d288]
V  [jvm.dll+0xabb07]
V  [jvm.dll+0xac1fc]
V  [jvm.dll+0x31c495]
V  [jvm.dll+0x2e6b38]
V  [jvm.dll+0x2e5f3a]
V  [jvm.dll+0x1e5e16]
V  [jvm.dll+0x1e50b8]
V  [jvm.dll+0x1779cc]
V  [jvm.dll+0x1f4105]
V  [jvm.dll+0x1f22eb]
V  [jvm.dll+0x7070cd]
V  [jvm.dll+0x6ffeda]
V  [jvm.dll+0x5f78f6]
C  [ucrtbase.dll+0x21bb2]
C  [KERNEL32.DLL+0x17034]
C  [ntdll.dll+0x52651]


---------------  P R O C E S S  ---------------

Threads class SMR info:
_java_thread_list=0x000001a400d1ef90, length=11, elements={
0x000001a464b8c000, 0x000001a464c68000, 0x000001a464c69800, 0x000001a47ed3b800,
0x000001a47ed3e000, 0x000001a400bb1800, 0x000001a400bb2000, 0x000001a400bb3000,
0x000001a400bb4800, 0x000001a400cc6800, 0x000001a400d4f000
}

Java Threads: ( => current thread )
  0x000001a464b8c000 JavaThread "main" [_thread_in_native, id=8812, stack(0x000000537af00000,0x000000537b000000)]
  0x000001a464c68000 JavaThread "Reference Handler" daemon [_thread_blocked, id=14164, stack(0x000000537b200000,0x000000537b300000)]
  0x000001a464c69800 JavaThread "Finalizer" daemon [_thread_blocked, id=18132, stack(0x000000537b300000,0x000000537b400000)]
  0x000001a47ed3b800 JavaThread "Signal Dispatcher" daemon [_thread_blocked, id=15644, stack(0x000000537b400000,0x000000537b500000)]
  0x000001a47ed3e000 JavaThread "Attach Listener" daemon [_thread_blocked, id=17600, stack(0x000000537b500000,0x000000537b600000)]
  0x000001a400bb1800 JavaThread "Service Thread" daemon [_thread_blocked, id=5284, stack(0x000000537b600000,0x000000537b700000)]
=>0x000001a400bb2000 JavaThread "C2 CompilerThread0" daemon [_thread_in_native, id=6948, stack(0x000000537b700000,0x000000537b800000)]
  0x000001a400bb3000 JavaThread "C1 CompilerThread0" daemon [_thread_blocked, id=14992, stack(0x000000537b800000,0x000000537b900000)]
  0x000001a400bb4800 JavaThread "Sweeper thread" daemon [_thread_blocked, id=17464, stack(0x000000537b900000,0x000000537ba00000)]
  0x000001a400cc6800 JavaThread "Common-Cleaner" daemon [_thread_blocked, id=12716, stack(0x000000537ba00000,0x000000537bb00000)]
  0x000001a400d4f000 JavaThread "Notification Thread" daemon [_thread_blocked, id=12964, stack(0x000000537bb00000,0x000000537bc00000)]

Other Threads:
  0x000001a47ed22800 VMThread "VM Thread" [stack: 0x000000537b100000,0x000000537b200000] [id=10944]
  0x000001a400d50800 WatcherThread [stack: 0x000000537bc00000,0x000000537bd00000] [id=9068]
  0x000001a464ba7000 GCTaskThread "GC Thread#0" [stack: 0x000000537b000000,0x000000537b100000] [id=12936]

Threads with active compile tasks:
C2 CompilerThread0     6495  607   !   4       java.util.jar.Attributes::read (530 bytes)

VM state:not at safepoint (normal execution)

VM Mutex/Monitor currently owned by a thread: None

Heap address: 0x00000000c0000000, size: 1024 MB, Compressed Oops mode: 32-bit
Narrow klass base: 0x0000000800000000, Narrow klass shift: 3
Compressed class space size: 1073741824 Address: 0x0000000800b30000

Heap:
 PSYoungGen      total 29696K, used 14117K [0x00000000eab00000, 0x00000000ecc00000, 0x0000000100000000)
  eden space 25600K, 55% used [0x00000000eab00000,0x00000000eb8c9458,0x00000000ec400000)
  from space 4096K, 0% used [0x00000000ec800000,0x00000000ec800000,0x00000000ecc00000)
  to   space 4096K, 0% used [0x00000000ec400000,0x00000000ec400000,0x00000000ec800000)
 ParOldGen       total 68608K, used 0K [0x00000000c0000000, 0x00000000c4300000, 0x00000000eab00000)
  object space 68608K, 0% used [0x00000000c0000000,0x00000000c0000000,0x00000000c4300000)
 Metaspace       used 4188K, capacity 5657K, committed 6016K, reserved 1056768K
  class space    used 398K, capacity 528K, committed 640K, reserved 1048576K

Card table byte_map: [0x000001a464550000,0x000001a464760000] _byte_map_base: 0x000001a463f50000

Marking Bits: (ParMarkBitMap*) 0x00007ff9712ea220
 Begin Bits: [0x000001a47c340000, 0x000001a47d340000)
 End Bits:   [0x000001a47d340000, 0x000001a47e340000)

Polling page: 0x000001a462b50000

Metaspace:

Usage:
  Non-class:      5.01 MB capacity,     3.70 MB ( 74%) used,     1.30 MB ( 26%) free+waste,     5.00 KB ( <1%) overhead. 
      Class:    529.00 KB capacity,   402.20 KB ( 76%) used,   123.92 KB ( 23%) free+waste,     2.88 KB ( <1%) overhead. 
       Both:      5.53 MB capacity,     4.09 MB ( 74%) used,     1.42 MB ( 26%) free+waste,     7.88 KB ( <1%) overhead. 

Virtual space:
  Non-class space:        8.00 MB reserved,       5.25 MB ( 66%) committed 
      Class space:        1.00 GB reserved,     640.00 KB ( <1%) committed 
             Both:        1.01 GB reserved,       5.88 MB ( <1%) committed 

Chunk freelists:
   Non-Class:  53.00 KB
       Class:  15.00 KB
        Both:  68.00 KB

MaxMetaspaceSize: 17179869184.00 GB
CompressedClassSpaceSize: 1.00 GB

CodeHeap 'non-profiled nmethods': size=120000Kb used=214Kb max_used=214Kb free=119785Kb
 bounds [0x000001a474e10000, 0x000001a475080000, 0x000001a47c340000]
CodeHeap 'profiled nmethods': size=120000Kb used=1189Kb max_used=1189Kb free=118810Kb
 bounds [0x000001a46d8e0000, 0x000001a46db50000, 0x000001a474e10000]
CodeHeap 'non-nmethods': size=5760Kb used=1134Kb max_used=1143Kb free=4625Kb
 bounds [0x000001a46d340000, 0x000001a46d5b0000, 0x000001a46d8e0000]
 total_blobs=1134 nmethods=748 adapters=301
 compilation: enabled
              stopped_count=0, restarted_count=0
 full_count=0

Compilation events (20 events):
Event: 5.982 Thread 0x000001a400bb3000  642       3       java.lang.String::toLowerCase (8 bytes)
Event: 5.982 Thread 0x000001a400bb3000 nmethod 642 0x000001a46d9d9090 code [0x000001a46d9d9260, 0x000001a46d9d95f8]
Event: 5.982 Thread 0x000001a400bb3000  643       3       java.util.Locale::getDefault (4 bytes)
Event: 5.982 Thread 0x000001a400bb3000 nmethod 643 0x000001a46d9d9710 code [0x000001a46d9d98a0, 0x000001a46d9d9998]
Event: 5.982 Thread 0x000001a400bb3000  644       1       jdk.internal.jimage.ImageHeader::getTableLength (5 bytes)
Event: 5.983 Thread 0x000001a400bb3000 nmethod 644 0x000001a474e3f690 code [0x000001a474e3f820, 0x000001a474e3f8f8]
Event: 5.985 Thread 0x000001a400bb3000  645   !   3       java.nio.DirectIntBufferU::get (33 bytes)
Event: 5.986 Thread 0x000001a400bb3000 nmethod 645 0x000001a46d9d9a10 code [0x000001a46d9d9be0, 0x000001a46d9d9fc8]
Event: 5.986 Thread 0x000001a400bb3000  646       3       java.nio.DirectIntBufferU::ix (10 bytes)
Event: 5.986 Thread 0x000001a400bb3000 nmethod 646 0x000001a46d9da210 code [0x000001a46d9da3a0, 0x000001a46d9da4d8]
Event: 5.986 Thread 0x000001a400bb3000  647       3       java.nio.ByteOrder::nativeOrder (4 bytes)
Event: 5.986 Thread 0x000001a400bb3000 nmethod 647 0x000001a46d9da590 code [0x000001a46d9da720, 0x000001a46d9da818]
Event: 5.994 Thread 0x000001a400bb3000  649       3       java.lang.ref.Reference::<init> (7 bytes)
Event: 5.994 Thread 0x000001a400bb3000 nmethod 649 0x000001a46d9da890 code [0x000001a46d9daa40, 0x000001a46d9dac78]
Event: 5.999 Thread 0x000001a400bb3000  650       3       java.lang.ClassLoader::getClassLoadingLock (35 bytes)
Event: 6.000 Thread 0x000001a400bb3000 nmethod 650 0x000001a46d9dad90 code [0x000001a46d9daf40, 0x000001a46d9db268]
Event: 6.000 Thread 0x000001a400bb3000  651       3       java.lang.ClassLoader::findLoadedClass (16 bytes)
Event: 6.000 Thread 0x000001a400bb3000 nmethod 651 0x000001a46d9db410 code [0x000001a46d9db5c0, 0x000001a46d9db7b8]
Event: 6.004 Thread 0x000001a400bb3000  653       1       java.security.CodeSource::getLocationNoFragString (5 bytes)
Event: 6.005 Thread 0x000001a400bb3000 nmethod 653 0x000001a474e40210 code [0x000001a474e403a0, 0x000001a474e40478]

GC Heap History (0 events):
No events

Deoptimization events (20 events):
Event: 5.951 Thread 0x000001a464b8c000 DEOPT PACKING pc=0x000001a46d99ac9a sp=0x000000537affd910
Event: 5.951 Thread 0x000001a464b8c000 DEOPT UNPACKING pc=0x000001a46d38964e sp=0x000000537affcd80 mode 0
Event: 5.952 Thread 0x000001a464b8c000 DEOPT PACKING pc=0x000001a46d99ac9a sp=0x000000537affd910
Event: 5.952 Thread 0x000001a464b8c000 DEOPT UNPACKING pc=0x000001a46d38964e sp=0x000000537affcd80 mode 0
Event: 5.952 Thread 0x000001a464b8c000 DEOPT PACKING pc=0x000001a46d99ac9a sp=0x000000537affd910
Event: 5.952 Thread 0x000001a464b8c000 DEOPT UNPACKING pc=0x000001a46d38964e sp=0x000000537affcd80 mode 0
Event: 5.952 Thread 0x000001a464b8c000 DEOPT PACKING pc=0x000001a46d99ac9a sp=0x000000537affd910
Event: 5.952 Thread 0x000001a464b8c000 DEOPT UNPACKING pc=0x000001a46d38964e sp=0x000000537affcd80 mode 0
Event: 5.952 Thread 0x000001a464b8c000 DEOPT PACKING pc=0x000001a46d99ac9a sp=0x000000537affd910
Event: 5.952 Thread 0x000001a464b8c000 DEOPT UNPACKING pc=0x000001a46d38964e sp=0x000000537affcd80 mode 0
Event: 5.953 Thread 0x000001a464b8c000 DEOPT PACKING pc=0x000001a46d99ac9a sp=0x000000537affd910
Event: 5.953 Thread 0x000001a464b8c000 DEOPT UNPACKING pc=0x000001a46d38964e sp=0x000000537affcd80 mode 0
Event: 5.953 Thread 0x000001a464b8c000 DEOPT PACKING pc=0x000001a46d99ac9a sp=0x000000537affd910
Event: 5.953 Thread 0x000001a464b8c000 DEOPT UNPACKING pc=0x000001a46d38964e sp=0x000000537affcd80 mode 0
Event: 5.953 Thread 0x000001a464b8c000 DEOPT PACKING pc=0x000001a46d99ac9a sp=0x000000537affd910
Event: 5.953 Thread 0x000001a464b8c000 DEOPT UNPACKING pc=0x000001a46d38964e sp=0x000000537affcd80 mode 0
Event: 5.953 Thread 0x000001a464b8c000 DEOPT PACKING pc=0x000001a46d99ac9a sp=0x000000537affd910
Event: 5.953 Thread 0x000001a464b8c000 DEOPT UNPACKING pc=0x000001a46d38964e sp=0x000000537affcd80 mode 0
Event: 5.953 Thread 0x000001a464b8c000 DEOPT PACKING pc=0x000001a46d99ac9a sp=0x000000537affd910
Event: 5.953 Thread 0x000001a464b8c000 DEOPT UNPACKING pc=0x000001a46d38964e sp=0x000000537affcd80 mode 0

Classes unloaded (0 events):
No events

Classes redefined (0 events):
No events

Internal exceptions (6 events):
Event: 5.301 Thread 0x000001a464b8c000 Exception <a 'java/lang/ClassNotFoundException'{0x00000000eaefb7a0}: sun/net/www/protocol/c/Handler> (0x00000000eaefb7a0) 
thrown [./open/src/hotspot/share/classfile/systemDictionary.cpp, line 226]
Event: 5.353 Thread 0x000001a464b8c000 Exception <a 'java/io/FileNotFoundException'{0x00000000eaf0a030}> (0x00000000eaf0a030) 
thrown [./open/src/hotspot/share/prims/jni.cpp, line 599]
Event: 5.354 Thread 0x000001a464b8c000 Exception <a 'java/io/FileNotFoundException'{0x00000000eaf0acd0}> (0x00000000eaf0acd0) 
thrown [./open/src/hotspot/share/prims/jni.cpp, line 599]
Event: 5.359 Thread 0x000001a464b8c000 Exception <a 'java/io/FileNotFoundException'{0x00000000eaf0b950}> (0x00000000eaf0b950) 
thrown [./open/src/hotspot/share/prims/jni.cpp, line 599]
Event: 5.362 Thread 0x000001a464b8c000 Exception <a 'java/io/FileNotFoundException'{0x00000000eaf0c5a8}> (0x00000000eaf0c5a8) 
thrown [./open/src/hotspot/share/prims/jni.cpp, line 599]
Event: 5.427 Thread 0x000001a464b8c000 Exception <a 'java/io/FileNotFoundException'{0x00000000eaf28858}> (0x00000000eaf28858) 
thrown [./open/src/hotspot/share/prims/jni.cpp, line 599]

Events (20 events):
Event: 5.891 loading class java/lang/ClassFormatError done
Event: 5.901 loading class java/util/NoSuchElementException
Event: 5.901 loading class java/util/NoSuchElementException done
Event: 5.921 loading class java/io/Reader
Event: 5.922 loading class java/io/Reader done
Event: 5.922 loading class java/io/InputStreamReader
Event: 5.923 loading class java/io/InputStreamReader done
Event: 5.934 loading class java/net/URLClassLoader$2
Event: 5.934 loading class java/net/URLClassLoader$2 done
Event: 5.941 loading class sun/net/www/protocol/jar/URLJarFile$URLJarFileEntry
Event: 5.941 loading class sun/net/www/protocol/jar/URLJarFile$URLJarFileEntry done
Event: 5.941 loading class sun/net/www/protocol/jar/JarURLConnection$JarURLInputStream
Event: 5.941 loading class sun/net/www/protocol/jar/JarURLConnection$JarURLInputStream done
Event: 5.968 loading class java/io/BufferedReader
Event: 5.971 loading class java/io/BufferedReader done
Event: 5.971 loading class sun/nio/cs/StreamDecoder
Event: 5.975 loading class sun/nio/cs/StreamDecoder done
Event: 5.975 loading class sun/nio/cs/UTF_8$Decoder
Event: 5.977 loading class sun/nio/cs/UTF_8$Decoder done
Event: 5.993 Loaded shared library C:\Program Files\Java\jdk-14.0.2\bin\java.dll


Dynamic libraries:
0x00007ff668f90000 - 0x00007ff668f9f000 	C:\Program Files\Java\jdk-14.0.2\bin\java.exe
0x00007ff9bdfd0000 - 0x00007ff9be1c5000 	C:\WINDOWS\SYSTEM32\ntdll.dll
0x00007ff9bd710000 - 0x00007ff9bd7cd000 	C:\WINDOWS\System32\KERNEL32.DLL
0x00007ff9bbbc0000 - 0x00007ff9bbe89000 	C:\WINDOWS\System32\KERNELBASE.dll
0x00007ff9bbee0000 - 0x00007ff9bbfe0000 	C:\WINDOWS\System32\ucrtbase.dll
0x00007ff99f9e0000 - 0x00007ff99f9f5000 	C:\Program Files\Java\jdk-14.0.2\bin\VCRUNTIME140.dll
0x00007ff99fef0000 - 0x00007ff99ff08000 	C:\Program Files\Java\jdk-14.0.2\bin\jli.dll
0x00007ff9bc1a0000 - 0x00007ff9bc24c000 	C:\WINDOWS\System32\ADVAPI32.dll
0x00007ff9bc250000 - 0x00007ff9bc2ee000 	C:\WINDOWS\System32\msvcrt.dll
0x00007ff9bccc0000 - 0x00007ff9bcd5b000 	C:\WINDOWS\System32\sechost.dll
0x00007ff9bd950000 - 0x00007ff9bda7a000 	C:\WINDOWS\System32\RPCRT4.dll
0x00007ff9bda80000 - 0x00007ff9bdc20000 	C:\WINDOWS\System32\USER32.dll
0x00007ff9bb950000 - 0x00007ff9bb972000 	C:\WINDOWS\System32\win32u.dll
0x00007ff9bd6d0000 - 0x00007ff9bd6fa000 	C:\WINDOWS\System32\GDI32.dll
0x00007ff9bb840000 - 0x00007ff9bb94b000 	C:\WINDOWS\System32\gdi32full.dll
0x00007ff9bb710000 - 0x00007ff9bb7ad000 	C:\WINDOWS\System32\msvcp_win.dll
0x00007ff9a50a0000 - 0x00007ff9a533a000 	C:\WINDOWS\WinSxS\amd64_microsoft.windows.common-controls_6595b64144ccf1df_6.0.19041.1110_none_60b5254171f9507e\COMCTL32.dll
0x00007ff9b6460000 - 0x00007ff9b646a000 	C:\WINDOWS\SYSTEM32\VERSION.dll
0x00007ff9bc170000 - 0x00007ff9bc1a0000 	C:\WINDOWS\System32\IMM32.DLL
0x00007ff982100000 - 0x00007ff98219b000 	C:\Program Files\Java\jdk-14.0.2\bin\msvcp140.dll
0x00007ff970890000 - 0x00007ff9713ae000 	C:\Program Files\Java\jdk-14.0.2\bin\server\jvm.dll
0x00007ff9bdc20000 - 0x00007ff9bdc28000 	C:\WINDOWS\System32\PSAPI.DLL
0x00007ff9ac280000 - 0x00007ff9ac2a7000 	C:\WINDOWS\SYSTEM32\WINMM.dll
0x00007ff9a2e40000 - 0x00007ff9a2e49000 	C:\WINDOWS\SYSTEM32\WSOCK32.dll
0x00007ff9bcfc0000 - 0x00007ff9bd02b000 	C:\WINDOWS\System32\ws2_32.DLL
0x00007ff9ba240000 - 0x00007ff9ba252000 	C:\WINDOWS\SYSTEM32\kernel.appcore.dll
0x00007ff9a1b50000 - 0x00007ff9a1b5a000 	C:\Program Files\Java\jdk-14.0.2\bin\jimage.dll
0x00007ff9b9cf0000 - 0x00007ff9b9ed4000 	C:\WINDOWS\SYSTEM32\DBGHELP.DLL
0x00007ff9b30f0000 - 0x00007ff9b311c000 	C:\WINDOWS\SYSTEM32\dbgcore.DLL
0x00007ff9bb7b0000 - 0x00007ff9bb833000 	C:\WINDOWS\System32\bcryptPrimitives.dll
0x00007ff9a1970000 - 0x00007ff9a1995000 	C:\Program Files\Java\jdk-14.0.2\bin\java.dll
0x00007ff9b0a00000 - 0x00007ff9b0a16000 	C:\Program Files\Java\jdk-14.0.2\bin\zip.dll
0x00007ff9bc350000 - 0x00007ff9bca8f000 	C:\WINDOWS\System32\SHELL32.dll
0x00007ff9b9480000 - 0x00007ff9b9c11000 	C:\WINDOWS\SYSTEM32\windows.storage.dll
0x00007ff9bdc30000 - 0x00007ff9bdf85000 	C:\WINDOWS\System32\combase.dll
0x00007ff9bb180000 - 0x00007ff9bb1ac000 	C:\WINDOWS\SYSTEM32\Wldp.dll
0x00007ff9bcd60000 - 0x00007ff9bce0e000 	C:\WINDOWS\System32\SHCORE.dll
0x00007ff9bd8f0000 - 0x00007ff9bd945000 	C:\WINDOWS\System32\shlwapi.dll
0x00007ff9bb650000 - 0x00007ff9bb66f000 	C:\WINDOWS\SYSTEM32\profapi.dll
0x00007ff99d330000 - 0x00007ff99d349000 	C:\Program Files\Java\jdk-14.0.2\bin\net.dll
0x00007ff9b1b50000 - 0x00007ff9b1c5a000 	C:\WINDOWS\SYSTEM32\WINHTTP.dll
0x00007ff9baee0000 - 0x00007ff9baf4a000 	C:\WINDOWS\system32\mswsock.dll
0x00007ff99da30000 - 0x00007ff99da42000 	C:\Program Files\Java\jdk-14.0.2\bin\nio.dll

dbghelp: loaded successfully - version: 4.0.5 - missing functions: none
symbol engine: initialized successfully - sym options: 0x614 - pdb path: .;C:\Program Files\Java\jdk-14.0.2\bin;C:\WINDOWS\SYSTEM32;C:\WINDOWS\WinSxS\amd64_microsoft.windows.common-controls_6595b64144ccf1df_6.0.19041.1110_none_60b5254171f9507e;C:\Program Files\Java\jdk-14.0.2\bin\server

VM Arguments:
jvm_args: --add-modules=ALL-SYSTEM --add-opens=java.base/java.util=ALL-UNNAMED --add-opens=java.base/java.lang=ALL-UNNAMED -Declipse.application=org.eclipse.jdt.ls.core.id1 -Dosgi.bundles.defaultStartLevel=4 -Declipse.product=org.eclipse.jdt.ls.core.product -Dfile.encoding=utf8 -DwatchParentProcess=false -XX:+UseParallelGC -XX:GCTimeRatio=4 -XX:AdaptiveSizePolicyWeight=90 -Dsun.zip.disableMemoryMapping=true -Xmx1G -Xms100m 
java_command: c:\Users\Admin\.vscode\extensions\redhat.java-0.80.0\server\plugins\org.eclipse.equinox.launcher_1.6.200.v20210416-2027.jar -configuration c:\Users\Admin\AppData\Roaming\Code\User\globalStorage\redhat.java\0.80.0\config_ss_win -data c:\Users\Admin\AppData\Roaming\Code\User\workspaceStorage\54ebf7e861566a3a7884f8df2a2ef1b3\redhat.java\ss_ws
java_class_path (initial): c:\Users\Admin\.vscode\extensions\redhat.java-0.80.0\server\plugins\org.eclipse.equinox.launcher_1.6.200.v20210416-2027.jar
Launcher Type: SUN_STANDARD

[Global flags]
    uintx AdaptiveSizePolicyWeight                 = 90                                        {product} {command line}
     intx CICompilerCount                          = 4                                         {product} {ergonomic}
    uintx GCTimeRatio                              = 4                                         {product} {command line}
   size_t InitialHeapSize                          = 104857600                                 {product} {command line}
   size_t MaxHeapSize                              = 1073741824                                {product} {command line}
   size_t MaxNewSize                               = 357564416                                 {product} {ergonomic}
   size_t MinHeapDeltaBytes                        = 524288                                    {product} {ergonomic}
   size_t MinHeapSize                              = 104857600                                 {product} {command line}
   size_t NewSize                                  = 34603008                                  {product} {ergonomic}
    uintx NonNMethodCodeHeapSize                   = 5839372                                {pd product} {ergonomic}
    uintx NonProfiledCodeHeapSize                  = 122909434                              {pd product} {ergonomic}
   size_t OldSize                                  = 70254592                                  {product} {ergonomic}
    uintx ProfiledCodeHeapSize                     = 122909434                              {pd product} {ergonomic}
    uintx ReservedCodeCacheSize                    = 251658240                              {pd product} {ergonomic}
     bool SegmentedCodeCache                       = true                                      {product} {ergonomic}
   size_t SoftMaxHeapSize                          = 1073741824                             {manageable} {ergonomic}
     bool UseCompressedClassPointers               = true                                 {lp64_product} {ergonomic}
     bool UseCompressedOops                        = true                                 {lp64_product} {ergonomic}
     bool UseLargePagesIndividualAllocation        = false                                  {pd product} {ergonomic}
     bool UseParallelGC                            = true                                      {product} {command line}

Logging:
Log output configuration:
 #0: stdout all=warning uptime,level,tags
 #1: stderr all=off uptime,level,tags

Environment Variables:
PATH=C:\Program Files (x86)\Common Files\Oracle\Java\javapath;C:\Windows\system32;C:\Windows;C:\Windows\System32\Wbem;C:\Windows\System32\WindowsPowerShell\v1.0\;C:\Windows\System32\OpenSSH\;C:\Program Files (x86)\NVIDIA Corporation\PhysX\Common;C:\Program Files\Microsoft SQL Server\130\Tools\Binn\;C:\Program Files\EmEditor;C:\WINDOWS\system32;C:\WINDOWS;C:\WINDOWS\System32\Wbem;C:\WINDOWS\System32\WindowsPowerShell\v1.0\;C:\WINDOWS\System32\OpenSSH\;C:\Program Files\nodejs\;C:\Program Files\dotnet\;C:\Program Files\Microsoft SQL Server\Client SDK\ODBC\170\Tools\Binn\;C:\Program Files\Microsoft SQL Server\120\Tools\Binn\;C:\Program Files\Microsoft SQL Server\Client SDK\ODBC\110\Tools\Binn\;C:\Program Files (x86)\Microsoft SQL Server\120\Tools\Binn\;C:\Program Files\Microsoft SQL Server\120\DTS\Binn\;C:\Program Files (x86)\Microsoft SQL Server\120\Tools\Binn\ManagementStudio\;C:\Program Files (x86)\Microsoft SQL Server\120\DTS\Binn\;C:\Program Files\Git\cmd;D:\Xampp\php;C:\Users\Admin\AppData\Local\Microsoft\WindowsApps;C:\Program Files\JetBrains\IntelliJ IDEA Community Edition 2020.2\bin;C:\Users\Admin\AppData\Roaming\npm;C:\Users\Admin\AppData\Local\Programs\Microsoft VS Code\bin;C:\Users\Admin\.dotnet\tools;D:\Xampp\php;C:\Users\Admin\AppData\Local\ComposerSetup\bin;C:\Users\Admin\AppData\Roaming\Composer\vendor\bin
USERNAME=Admin
OS=Windows_NT
PROCESSOR_IDENTIFIER=Intel64 Family 6 Model 142 Stepping 10, GenuineIntel



---------------  S Y S T E M  ---------------

OS: Windows 10 , 64 bit Build 19041 (10.0.19041.1023)
OS uptime: 12 days 3:06 hours

CPU:total 8 (initial active 8) (4 cores per cpu, 2 threads per core) family 6 model 142 stepping 10, cmov, cx8, fxsr, mmx, sse, sse2, sse3, ssse3, sse4.1, sse4.2, popcnt, avx, avx2, aes, clmul, erms, 3dnowpref, lzcnt, ht, tsc, tscinvbit, bmi1, bmi2, adx, fma

Memory: 4k page, system-wide physical 3982M (53M free)
TotalPageFile size 16270M (AvailPageFile size 2M)
current process WorkingSet (physical memory assigned to process): 53M, peak: 53M
current process commit charge ("private bytes"): 200M, peak: 200M

vm_info: Java HotSpot(TM) 64-Bit Server VM (14.0.2+12-46) for windows-amd64 JRE (14.0.2+12-46), built on Jul  9 2020 00:35:52 by "mach5one" with MS VC++ 15.9 (VS2017)

END.
