#
# There is insufficient memory for the Java Runtime Environment to continue.
# Native memory allocation (malloc) failed to allocate 1048576 bytes for AllocateHeap
# Possible reasons:
#   The system is out of physical RAM or swap space
#   The process is running with CompressedOops enabled, and the Java Heap may be blocking the growth of the native heap
# Possible solutions:
#   Reduce memory load on the system
#   Increase physical memory or swap space
#   Check if swap backing store is full
#   Decrease Java heap size (-Xmx/-Xms)
#   Decrease number of Java threads
#   Decrease Java thread stack sizes (-Xss)
#   Set larger code cache with -XX:ReservedCodeCacheSize=
#   JVM is running with Unscaled Compressed Oops mode in which the Java heap is
#     placed in the first 4GB address space. The Java Heap base address is the
#     maximum limit for the native heap growth. Please use -XX:HeapBaseMinAddress
#     to set the Java Heap base and to place the Java Heap above 4GB virtual address.
# This output file may be truncated or incomplete.
#
#  Out of Memory Error (./open/src/hotspot/share/memory/allocation.cpp:44), pid=1772, tid=2188
#
# JRE version:  (14.0.2+12) (build )
# Java VM: Java HotSpot(TM) 64-Bit Server VM (14.0.2+12-46, mixed mode, tiered, compressed oops, parallel gc, windows-amd64)
# No core dump will be written. Minidumps are not enabled by default on client versions of Windows
#

---------------  S U M M A R Y ------------

Command Line: --add-modules=ALL-SYSTEM --add-opens=java.base/java.util=ALL-UNNAMED --add-opens=java.base/java.lang=ALL-UNNAMED -Declipse.application=org.eclipse.jdt.ls.core.id1 -Dosgi.bundles.defaultStartLevel=4 -Declipse.product=org.eclipse.jdt.ls.core.product -Dfile.encoding=utf8 -DwatchParentProcess=false -XX:+UseParallelGC -XX:GCTimeRatio=4 -XX:AdaptiveSizePolicyWeight=90 -Dsun.zip.disableMemoryMapping=true -Xmx1G -Xms100m c:\Users\Admin\.vscode\extensions\redhat.java-0.80.0\server\plugins\org.eclipse.equinox.launcher_1.6.200.v20210416-2027.jar -configuration c:\Users\Admin\AppData\Roaming\Code\User\globalStorage\redhat.java\0.80.0\config_ss_win -data c:\Users\Admin\AppData\Roaming\Code\User\workspaceStorage\54ebf7e861566a3a7884f8df2a2ef1b3\redhat.java\ss_ws

Host: Intel(R) Core(TM) i5-8250U CPU @ 1.60GHz, 8 cores, 3G,  Windows 10 , 64 bit Build 19041 (10.0.19041.1023)
Time: Tue Aug 10 17:31:42 2021 SE Asia Standard Time elapsed time: 0 seconds (0d 0h 0m 0s)

---------------  T H R E A D  ---------------

Current thread (0x00000237d12db800):  JavaThread "Unknown thread" [_thread_in_vm, id=2188, stack(0x0000005757900000,0x0000005757a00000)]

Stack: [0x0000005757900000,0x0000005757a00000]
Native frames: (J=compiled Java code, j=interpreted, Vv=VM code, C=native code)
V  [jvm.dll+0x5f8a9a]
V  [jvm.dll+0x74247a]
V  [jvm.dll+0x743c2f]
V  [jvm.dll+0x744273]
V  [jvm.dll+0x20d288]
V  [jvm.dll+0xa2b2f]
V  [jvm.dll+0x62ab32]
V  [jvm.dll+0x62b9be]
V  [jvm.dll+0x603e5c]
V  [jvm.dll+0x7205b9]
V  [jvm.dll+0x321ca6]
V  [jvm.dll+0x70112c]
V  [jvm.dll+0x392def]
V  [jvm.dll+0x394e61]
C  [jli.dll+0x524b]
C  [ucrtbase.dll+0x21bb2]
C  [KERNEL32.DLL+0x17034]
C  [ntdll.dll+0x52651]


---------------  P R O C E S S  ---------------

Threads class SMR info:
_java_thread_list=0x00007ffdc89e3038, length=0, elements={
}

Java Threads: ( => current thread )

Other Threads:
  0x00000237d12f6000 GCTaskThread "GC Thread#0" [stack: 0x0000005757a00000,0x0000005757b00000] [id=7852]

=>0x00000237d12db800 (exited) JavaThread "Unknown thread" [_thread_in_vm, id=2188, stack(0x0000005757900000,0x0000005757a00000)]

Threads with active compile tasks:

VM state:not at safepoint (normal execution)

VM Mutex/Monitor currently owned by a thread: None

Heap address: 0x00000000c0000000, size: 1024 MB, Compressed Oops mode: 32-bit
Narrow klass base: 0x0000000000000000, Narrow klass shift: 3
Compressed class space size: 1073741824 Address: 0x0000000100000000

Heap:
 PSYoungGen      total 29696K, used 512K [0x00000000eab00000, 0x00000000ecc00000, 0x0000000100000000)
  eden space 25600K, 2% used [0x00000000eab00000,0x00000000eab80010,0x00000000ec400000)
  from space 4096K, 0% used [0x00000000ec800000,0x00000000ec800000,0x00000000ecc00000)
  to   space 4096K, 0% used [0x00000000ec400000,0x00000000ec400000,0x00000000ec800000)
 ParOldGen       total 68608K, used 0K [0x00000000c0000000, 0x00000000c4300000, 0x00000000eab00000)
  object space 68608K, 0% used [0x00000000c0000000,0x00000000c0000000,0x00000000c4300000)
 Metaspace       used 1201K, capacity 4480K, committed 4480K, reserved 1056768K
  class space    used 92K, capacity 384K, committed 384K, reserved 1048576K

Card table byte_map: [0x00000237ea430000,0x00000237ea640000] _byte_map_base: 0x00000237e9e30000

Marking Bits: (ParMarkBitMap*) 0x00007ffdc89ba220
 Begin Bits: [0x00000237ea7a0000, 0x00000237eb7a0000)
 End Bits:   [0x00000237eb7a0000, 0x00000237ec7a0000)

Polling page: 0x00000237d1190000

Metaspace:

Usage:
  Non-class:      4.00 MB capacity,     1.08 MB ( 27%) used,     2.92 MB ( 73%) free+waste,    64 bytes ( <1%) overhead. 
      Class:    384.00 KB capacity,    92.38 KB ( 24%) used,   291.56 KB ( 76%) free+waste,    64 bytes ( <1%) overhead. 
       Both:      4.38 MB capacity,     1.17 MB ( 27%) used,     3.20 MB ( 73%) free+waste,   128 bytes ( <1%) overhead. 

Virtual space:
  Non-class space:        8.00 MB reserved,       4.00 MB ( 50%) committed 
      Class space:        1.00 GB reserved,     384.00 KB ( <1%) committed 
             Both:        1.01 GB reserved,       4.38 MB ( <1%) committed 

Chunk freelists:
   Non-Class:  0 bytes
       Class:  0 bytes
        Both:  0 bytes

MaxMetaspaceSize: 17179869184.00 GB
CompressedClassSpaceSize: 1.00 GB

CodeHeap 'non-profiled nmethods': size=120000Kb used=0Kb max_used=0Kb free=120000Kb
 bounds [0x00000237e2d20000, 0x00000237e2f90000, 0x00000237ea250000]
CodeHeap 'profiled nmethods': size=120000Kb used=0Kb max_used=0Kb free=120000Kb
 bounds [0x00000237db7f0000, 0x00000237dba60000, 0x00000237e2d20000]
CodeHeap 'non-nmethods': size=5760Kb used=217Kb max_used=301Kb free=5542Kb
 bounds [0x00000237db250000, 0x00000237db4c0000, 0x00000237db7f0000]
 total_blobs=65 nmethods=0 adapters=46
 compilation: enabled
              stopped_count=0, restarted_count=0
 full_count=0

Compilation events (0 events):
No events

GC Heap History (0 events):
No events

Deoptimization events (0 events):
No events

Classes unloaded (0 events):
No events

Classes redefined (0 events):
No events

Internal exceptions (0 events):
No events

Events (20 events):
Event: 0.265 loading class java/lang/Number done
Event: 0.265 loading class java/lang/Float done
Event: 0.265 loading class java/lang/Double
Event: 0.265 loading class java/lang/Double done
Event: 0.265 loading class java/lang/Byte
Event: 0.265 loading class java/lang/Byte done
Event: 0.265 loading class java/lang/Short
Event: 0.265 loading class java/lang/Short done
Event: 0.265 loading class java/lang/Integer
Event: 0.265 loading class java/lang/Integer done
Event: 0.265 loading class java/lang/Long
Event: 0.266 loading class java/lang/Long done
Event: 0.266 loading class java/util/Iterator
Event: 0.266 loading class java/util/Iterator done
Event: 0.266 loading class java/lang/reflect/RecordComponent
Event: 0.266 loading class java/lang/reflect/RecordComponent done
Event: 0.280 loading class java/lang/NullPointerException
Event: 0.280 loading class java/lang/NullPointerException done
Event: 0.280 loading class java/lang/ArithmeticException
Event: 0.280 loading class java/lang/ArithmeticException done


Dynamic libraries:
0x00007ff6ee300000 - 0x00007ff6ee30f000 	C:\Program Files\Java\jdk-14.0.2\bin\java.exe
0x00007ffe134b0000 - 0x00007ffe136a5000 	C:\WINDOWS\SYSTEM32\ntdll.dll
0x00007ffe12cd0000 - 0x00007ffe12d8d000 	C:\WINDOWS\System32\KERNEL32.DLL
0x00007ffe10c50000 - 0x00007ffe10f19000 	C:\WINDOWS\System32\KERNELBASE.dll
0x00007ffe110e0000 - 0x00007ffe111e0000 	C:\WINDOWS\System32\ucrtbase.dll
0x00007ffe0b800000 - 0x00007ffe0b815000 	C:\Program Files\Java\jdk-14.0.2\bin\VCRUNTIME140.dll
0x00007ffe0a530000 - 0x00007ffe0a548000 	C:\Program Files\Java\jdk-14.0.2\bin\jli.dll
0x00007ffe12c20000 - 0x00007ffe12ccc000 	C:\WINDOWS\System32\ADVAPI32.dll
0x00007ffe12210000 - 0x00007ffe122ae000 	C:\WINDOWS\System32\msvcrt.dll
0x00007ffe11d50000 - 0x00007ffe11deb000 	C:\WINDOWS\System32\sechost.dll
0x00007ffe12df0000 - 0x00007ffe12f1a000 	C:\WINDOWS\System32\RPCRT4.dll
0x00007ffe11df0000 - 0x00007ffe11f90000 	C:\WINDOWS\System32\USER32.dll
0x00007ffdfc790000 - 0x00007ffdfca2a000 	C:\WINDOWS\WinSxS\amd64_microsoft.windows.common-controls_6595b64144ccf1df_6.0.19041.1110_none_60b5254171f9507e\COMCTL32.dll
0x00007ffe10fa0000 - 0x00007ffe10fc2000 	C:\WINDOWS\System32\win32u.dll
0x00007ffe12160000 - 0x00007ffe1218a000 	C:\WINDOWS\System32\GDI32.dll
0x00007ffe10fd0000 - 0x00007ffe110db000 	C:\WINDOWS\System32\gdi32full.dll
0x00007ffe11270000 - 0x00007ffe1130d000 	C:\WINDOWS\System32\msvcp_win.dll
0x00007ffe0b0d0000 - 0x00007ffe0b0da000 	C:\WINDOWS\SYSTEM32\VERSION.dll
0x00007ffe11f90000 - 0x00007ffe11fc0000 	C:\WINDOWS\System32\IMM32.DLL
0x00007ffdd4f50000 - 0x00007ffdd4feb000 	C:\Program Files\Java\jdk-14.0.2\bin\msvcp140.dll
0x00007ffdc7f60000 - 0x00007ffdc8a7e000 	C:\Program Files\Java\jdk-14.0.2\bin\server\jvm.dll
0x00007ffe11c70000 - 0x00007ffe11c78000 	C:\WINDOWS\System32\PSAPI.DLL
0x00007ffdfcda0000 - 0x00007ffdfcdc7000 	C:\WINDOWS\SYSTEM32\WINMM.dll
0x00007ffe0c5e0000 - 0x00007ffe0c5e9000 	C:\WINDOWS\SYSTEM32\WSOCK32.dll
0x00007ffe12190000 - 0x00007ffe121fb000 	C:\WINDOWS\System32\WS2_32.dll
0x00007ffe0f500000 - 0x00007ffe0f512000 	C:\WINDOWS\SYSTEM32\kernel.appcore.dll
0x00007ffe0bcf0000 - 0x00007ffe0bcfa000 	C:\Program Files\Java\jdk-14.0.2\bin\jimage.dll
0x00007ffe0f1c0000 - 0x00007ffe0f3a4000 	C:\WINDOWS\SYSTEM32\DBGHELP.DLL
0x00007ffdfcc00000 - 0x00007ffdfcc2c000 	C:\WINDOWS\SYSTEM32\dbgcore.DLL
0x00007ffe111e0000 - 0x00007ffe11263000 	C:\WINDOWS\System32\bcryptPrimitives.dll
0x00007ffe0a500000 - 0x00007ffe0a525000 	C:\Program Files\Java\jdk-14.0.2\bin\java.dll
0x00007ffe09be0000 - 0x00007ffe09bf6000 	C:\Program Files\Java\jdk-14.0.2\bin\zip.dll

dbghelp: loaded successfully - version: 4.0.5 - missing functions: none
symbol engine: initialized successfully - sym options: 0x614 - pdb path: .;C:\Program Files\Java\jdk-14.0.2\bin;C:\WINDOWS\SYSTEM32;C:\WINDOWS\WinSxS\amd64_microsoft.windows.common-controls_6595b64144ccf1df_6.0.19041.1110_none_60b5254171f9507e;C:\Program Files\Java\jdk-14.0.2\bin\server

VM Arguments:
jvm_args: --add-modules=ALL-SYSTEM --add-opens=java.base/java.util=ALL-UNNAMED --add-opens=java.base/java.lang=ALL-UNNAMED -Declipse.application=org.eclipse.jdt.ls.core.id1 -Dosgi.bundles.defaultStartLevel=4 -Declipse.product=org.eclipse.jdt.ls.core.product -Dfile.encoding=utf8 -DwatchParentProcess=false -XX:+UseParallelGC -XX:GCTimeRatio=4 -XX:AdaptiveSizePolicyWeight=90 -Dsun.zip.disableMemoryMapping=true -Xmx1G -Xms100m 
java_command: c:\Users\Admin\.vscode\extensions\redhat.java-0.80.0\server\plugins\org.eclipse.equinox.launcher_1.6.200.v20210416-2027.jar -configuration c:\Users\Admin\AppData\Roaming\Code\User\globalStorage\redhat.java\0.80.0\config_ss_win -data c:\Users\Admin\AppData\Roaming\Code\User\workspaceStorage\54ebf7e861566a3a7884f8df2a2ef1b3\redhat.java\ss_ws
java_class_path (initial): c:\Users\Admin\.vscode\extensions\redhat.java-0.80.0\server\plugins\org.eclipse.equinox.launcher_1.6.200.v20210416-2027.jar
Launcher Type: SUN_STANDARD

[Global flags]
    uintx AdaptiveSizePolicyWeight                 = 90                                        {product} {command line}
     intx CICompilerCount                          = 4                                         {product} {ergonomic}
    uintx GCTimeRatio                              = 4                                         {product} {command line}
   size_t InitialHeapSize                          = 104857600                                 {product} {command line}
   size_t MaxHeapSize                              = 1073741824                                {product} {command line}
   size_t MaxNewSize                               = 357564416                                 {product} {ergonomic}
   size_t MinHeapDeltaBytes                        = 524288                                    {product} {ergonomic}
   size_t MinHeapSize                              = 104857600                                 {product} {command line}
   size_t NewSize                                  = 34603008                                  {product} {ergonomic}
    uintx NonNMethodCodeHeapSize                   = 5839372                                {pd product} {ergonomic}
    uintx NonProfiledCodeHeapSize                  = 122909434                              {pd product} {ergonomic}
   size_t OldSize                                  = 70254592                                  {product} {ergonomic}
    uintx ProfiledCodeHeapSize                     = 122909434                              {pd product} {ergonomic}
    uintx ReservedCodeCacheSize                    = 251658240                              {pd product} {ergonomic}
     bool SegmentedCodeCache                       = true                                      {product} {ergonomic}
   size_t SoftMaxHeapSize                          = 1073741824                             {manageable} {ergonomic}
     bool UseCompressedClassPointers               = true                                 {lp64_product} {ergonomic}
     bool UseCompressedOops                        = true                                 {lp64_product} {ergonomic}
     bool UseLargePagesIndividualAllocation        = false                                  {pd product} {ergonomic}
     bool UseParallelGC                            = true                                      {product} {command line}

Logging:
Log output configuration:
 #0: stdout all=warning uptime,level,tags
 #1: stderr all=off uptime,level,tags

Environment Variables:
PATH=C:\Program Files (x86)\Common Files\Oracle\Java\javapath;C:\Windows\system32;C:\Windows;C:\Windows\System32\Wbem;C:\Windows\System32\WindowsPowerShell\v1.0\;C:\Windows\System32\OpenSSH\;C:\Program Files (x86)\NVIDIA Corporation\PhysX\Common;C:\Program Files\Microsoft SQL Server\130\Tools\Binn\;C:\Program Files\EmEditor;C:\WINDOWS\system32;C:\WINDOWS;C:\WINDOWS\System32\Wbem;C:\WINDOWS\System32\WindowsPowerShell\v1.0\;C:\WINDOWS\System32\OpenSSH\;C:\Program Files\nodejs\;C:\Program Files\dotnet\;C:\Program Files\Microsoft SQL Server\Client SDK\ODBC\170\Tools\Binn\;C:\Program Files\Microsoft SQL Server\120\Tools\Binn\;C:\Program Files\Microsoft SQL Server\Client SDK\ODBC\110\Tools\Binn\;C:\Program Files (x86)\Microsoft SQL Server\120\Tools\Binn\;C:\Program Files\Microsoft SQL Server\120\DTS\Binn\;C:\Program Files (x86)\Microsoft SQL Server\120\Tools\Binn\ManagementStudio\;C:\Program Files (x86)\Microsoft SQL Server\120\DTS\Binn\;C:\Program Files\Git\cmd;D:\Xampp\php;C:\Users\Admin\AppData\Local\Microsoft\WindowsApps;C:\Program Files\JetBrains\IntelliJ IDEA Community Edition 2020.2\bin;C:\Users\Admin\AppData\Roaming\npm;C:\Users\Admin\AppData\Local\Programs\Microsoft VS Code\bin;C:\Users\Admin\.dotnet\tools;D:\Xampp\php;C:\Users\Admin\AppData\Local\ComposerSetup\bin;C:\Users\Admin\AppData\Roaming\Composer\vendor\bin
USERNAME=Admin
OS=Windows_NT
PROCESSOR_IDENTIFIER=Intel64 Family 6 Model 142 Stepping 10, GenuineIntel



---------------  S Y S T E M  ---------------

OS: Windows 10 , 64 bit Build 19041 (10.0.19041.1023)
OS uptime: 1 days 20:34 hours

CPU:total 8 (initial active 8) (4 cores per cpu, 2 threads per core) family 6 model 142 stepping 10, cmov, cx8, fxsr, mmx, sse, sse2, sse3, ssse3, sse4.1, sse4.2, popcnt, avx, avx2, aes, clmul, erms, 3dnowpref, lzcnt, ht, tsc, tscinvbit, bmi1, bmi2, adx, fma

Memory: 4k page, system-wide physical 3982M (132M free)
TotalPageFile size 16270M (AvailPageFile size 1M)
current process WorkingSet (physical memory assigned to process): 14M, peak: 14M
current process commit charge ("private bytes"): 152M, peak: 156M

vm_info: Java HotSpot(TM) 64-Bit Server VM (14.0.2+12-46) for windows-amd64 JRE (14.0.2+12-46), built on Jul  9 2020 00:35:52 by "mach5one" with MS VC++ 15.9 (VS2017)

END.
